<?xml version="1.0" encoding="UTF-8"?>
<!-- Generated by org.testng.reporters.JUnitReportReporter -->
<testsuite hostname="VAIO_elinochka" name="com.day6.test.testPrintValuesWithDataProvider" tests="3" failures="0" timestamp="11 Oct 2018 01:57:06 GMT" time="0.026" errors="0">
  <testcase name="verifyData1" time="0.001" classname="com.day6.test.testPrintValuesWithDataProvider"/>
  <testcase name="verifyData1" time="0.006" classname="com.day6.test.testPrintValuesWithDataProvider"/>
  <testcase name="verifyData1" time="0.019" classname="com.day6.test.testPrintValuesWithDataProvider"/>
</testsuite>
