<?xml version="1.0" encoding="UTF-8"?>
<!-- Generated by org.testng.reporters.JUnitReportReporter -->
<testsuite hostname="VAIO_elinochka" name="com.day6.test.testRemoveDublicates" tests="1" failures="0" timestamp="12 Oct 2018 18:40:59 GMT" time="0.030" errors="0">
  <testcase name="testRemoveDublicates" time="0.030" classname="com.day6.test.testRemoveDublicates"/>
</testsuite>
