<?xml version="1.0" encoding="UTF-8"?>
<!-- Generated by org.testng.reporters.JUnitReportReporter -->
<testsuite hostname="VAIO_elinochka" name="com.day6.test.TestNGMultipleDataProviderExample" tests="9" failures="0" timestamp="9 Oct 2018 22:50:40 GMT" time="0.025" errors="0">
  <testcase name="testMulMethod" time="0.001" classname="com.day6.test.TestNGMultipleDataProviderExample"/>
  <testcase name="testMulMethod" time="0.001" classname="com.day6.test.TestNGMultipleDataProviderExample"/>
  <testcase name="testSubMethod" time="0.001" classname="com.day6.test.TestNGMultipleDataProviderExample"/>
  <testcase name="testAddMethod" time="0.016" classname="com.day6.test.TestNGMultipleDataProviderExample"/>
  <testcase name="testAddMethod" time="0.001" classname="com.day6.test.TestNGMultipleDataProviderExample"/>
  <testcase name="testAddMethod" time="0.002" classname="com.day6.test.TestNGMultipleDataProviderExample"/>
  <testcase name="testSubMethod" time="0.001" classname="com.day6.test.TestNGMultipleDataProviderExample"/>
  <testcase name="testMulMethod" time="0.001" classname="com.day6.test.TestNGMultipleDataProviderExample"/>
  <testcase name="testSubMethod" time="0.001" classname="com.day6.test.TestNGMultipleDataProviderExample"/>
</testsuite>
