<?xml version="1.0" encoding="UTF-8"?>
<!-- Generated by org.testng.reporters.JUnitReportReporter -->
<testsuite skipped="0" hostname="VAIO_elinochka" name="com.day7.test.Test_FrstNnRptngChr" tests="1" failures="0" timestamp="16 Oct 2018 05:04:48 GMT" time="0.013" errors="0">
  <testcase name="test_First_Non_Rep_Char" time="0.013" classname="com.day7.test.Test_FrstNnRptngChr"/>
</testsuite> <!-- com.day7.test.Test_FrstNnRptngChr -->
