<?xml version="1.0" encoding="UTF-8"?>
<!-- Generated by org.testng.reporters.JUnitReportReporter -->
<testsuite hostname="VAIO_elinochka" name="com.day5.test.testReverseStrings" tests="1" failures="0" timestamp="6 Oct 2018 22:41:07 GMT" time="0.023" errors="0">
  <testcase name="TestreverseWordsInArray" time="0.023" classname="com.day5.test.testReverseStrings"/>
</testsuite>
