<?xml version="1.0" encoding="UTF-8"?>
<!-- Generated by org.testng.reporters.JUnitReportReporter -->
<testsuite hostname="VAIO_elinochka" name="com.week2.day4.examples.tests.testComputeSum" tests="1" failures="0" timestamp="9 Oct 2018 20:50:13 GMT" time="0.002" errors="0">
  <testcase name="testSumNumbers" time="0.002" classname="com.week2.day4.examples.tests.testComputeSum"/>
</testsuite>
