<?xml version="1.0" encoding="UTF-8"?>
<!-- Generated by org.testng.reporters.JUnitReportReporter -->
<testsuite hostname="VAIO_elinochka" name="com.day5.test.testReverseStrings" tests="2" failures="0" timestamp="9 Oct 2018 20:50:13 GMT" time="0.001" errors="0">
  <testcase name="testReverse" time="0.001" classname="com.day5.test.testReverseStrings"/>
  <testcase name="testReverseWordsInArray" time="0.000" classname="com.day5.test.testReverseStrings"/>
</testsuite>
